<?xml version="1.0" encoding="UTF-8"?>
<robot generator="Robot 4.1.3 (Python 3.10.2 on win32)" generated="20220329 11:52:27.302" rpa="false" schemaversion="2">
<suite id="s1" name="Minha Suite" source="C:\Users\migue_000\Desktop\QAgil\Mentoria-VemPraTI\mentoria\web\dresses\minha_suite.robot">
<test id="s1-t1" name="Caso de Teste 01: Criar um login">
<kw name="Acessar a página home do site da loja" library="resource">
<kw name="Open Browser" library="SeleniumLibrary">
<arg>url=${URL}</arg>
<arg>browser=${BROWSER}</arg>
<doc>Opens a new browser instance to the optional ``url``.</doc>
<msg timestamp="20220329 11:52:28.052" level="INFO">Opening browser 'chrome' to base url 'http://automationpractice.com/index.php'.</msg>
<status status="PASS" starttime="20220329 11:52:28.051" endtime="20220329 11:52:50.073"/>
</kw>
<status status="PASS" starttime="20220329 11:52:28.049" endtime="20220329 11:52:50.073"/>
</kw>
<kw name="Clicar no botão sign in" library="resource">
<kw name="Click Element" library="SeleniumLibrary">
<arg>class=login</arg>
<doc>Click the element identified by ``locator``.</doc>
<msg timestamp="20220329 11:52:50.243" level="INFO">Clicking element 'class=login'.</msg>
<status status="PASS" starttime="20220329 11:52:50.241" endtime="20220329 11:53:00.624"/>
</kw>
<status status="PASS" starttime="20220329 11:52:50.240" endtime="20220329 11:53:00.624"/>
</kw>
<kw name="Inserir um email válido no campo email &quot;miguel28282809@hotmail.com&quot;" library="resource" sourcename="Inserir um email válido no campo email &quot;${EMAIL}&quot;">
<kw name="Input Text" library="SeleniumLibrary">
<arg>id=email_create</arg>
<arg>${EMAIL}</arg>
<doc>Types the given ``text`` into the text field identified by ``locator``.</doc>
<msg timestamp="20220329 11:53:00.640" level="INFO">Typing text 'miguel28282809@hotmail.com' into text field 'id=email_create'.</msg>
<status status="PASS" starttime="20220329 11:53:00.640" endtime="20220329 11:53:00.950"/>
</kw>
<status status="PASS" starttime="20220329 11:53:00.624" endtime="20220329 11:53:00.950"/>
</kw>
<kw name="Clicar no botão create an account" library="resource">
<kw name="Click Button" library="SeleniumLibrary">
<arg>id=SubmitCreate</arg>
<doc>Clicks the button identified by ``locator``.</doc>
<msg timestamp="20220329 11:53:00.997" level="INFO">Clicking button 'id=SubmitCreate'.</msg>
<status status="PASS" starttime="20220329 11:53:00.996" endtime="20220329 11:53:01.232"/>
</kw>
<kw name="Wait Until Element Is Visible" library="SeleniumLibrary">
<arg>id=id_gender1</arg>
<doc>Waits until the element ``locator`` is visible.</doc>
<status status="PASS" starttime="20220329 11:53:01.233" endtime="20220329 11:53:05.563"/>
</kw>
<status status="PASS" starttime="20220329 11:53:00.995" endtime="20220329 11:53:05.563"/>
</kw>
<kw name="Selecionar o radio do campo sexo" library="resource">
<kw name="Click Element" library="SeleniumLibrary">
<arg>id=id_gender1</arg>
<doc>Click the element identified by ``locator``.</doc>
<msg timestamp="20220329 11:53:05.606" level="INFO">Clicking element 'id=id_gender1'.</msg>
<status status="PASS" starttime="20220329 11:53:05.606" endtime="20220329 11:53:06.137"/>
</kw>
<status status="PASS" starttime="20220329 11:53:05.605" endtime="20220329 11:53:06.137"/>
</kw>
<kw name="Preencher o campo first name &quot;Miguel&quot;" library="resource" sourcename="Preencher o campo first name &quot;${NOME}&quot;">
<kw name="Input Text" library="SeleniumLibrary">
<arg>id=customer_firstname</arg>
<arg>${NOME}</arg>
<doc>Types the given ``text`` into the text field identified by ``locator``.</doc>
<msg timestamp="20220329 11:53:06.140" level="INFO">Typing text 'Miguel' into text field 'id=customer_firstname'.</msg>
<status status="PASS" starttime="20220329 11:53:06.139" endtime="20220329 11:53:06.482"/>
</kw>
<status status="PASS" starttime="20220329 11:53:06.138" endtime="20220329 11:53:06.482"/>
</kw>
<kw name="Preencher o campo last name &quot;da Silva Sousa&quot;" library="resource" sourcename="Preencher o campo last name &quot;${SOBRENOME}&quot;">
<kw name="Input Text" library="SeleniumLibrary">
<arg>id=customer_lastname</arg>
<arg>${SOBRENOME}</arg>
<doc>Types the given ``text`` into the text field identified by ``locator``.</doc>
<msg timestamp="20220329 11:53:06.486" level="INFO">Typing text 'da Silva Sousa' into text field 'id=customer_lastname'.</msg>
<status status="PASS" starttime="20220329 11:53:06.486" endtime="20220329 11:53:06.852"/>
</kw>
<status status="PASS" starttime="20220329 11:53:06.485" endtime="20220329 11:53:06.852"/>
</kw>
<kw name="Preencher o campo senha &quot;@Portugal2&quot;" library="resource" sourcename="Preencher o campo senha &quot;${SENHA}&quot;">
<kw name="Input Text" library="SeleniumLibrary">
<arg>id=passwd</arg>
<arg>${SENHA}</arg>
<doc>Types the given ``text`` into the text field identified by ``locator``.</doc>
<msg timestamp="20220329 11:53:06.856" level="INFO">Typing text '@Portugal2' into text field 'id=passwd'.</msg>
<status status="PASS" starttime="20220329 11:53:06.855" endtime="20220329 11:53:07.173"/>
</kw>
<status status="PASS" starttime="20220329 11:53:06.854" endtime="20220329 11:53:07.174"/>
</kw>
<kw name="Escolher o dia de nascimento" library="resource">
<kw name="Click Element" library="SeleniumLibrary">
<arg>id=uniform-days</arg>
<doc>Click the element identified by ``locator``.</doc>
<msg timestamp="20220329 11:53:07.184" level="INFO">Clicking element 'id=uniform-days'.</msg>
<status status="PASS" starttime="20220329 11:53:07.183" endtime="20220329 11:53:07.437"/>
</kw>
<kw name="Press Keys" library="SeleniumLibrary">
<arg>id=uniform-days</arg>
<arg>23</arg>
<doc>Simulates the user pressing key(s) to an element or on the active browser.</doc>
<msg timestamp="20220329 11:53:07.439" level="INFO">Sending key(s) ('23',) to id=uniform-days element.</msg>
<msg timestamp="20220329 11:53:07.861" level="INFO">Sending keys 23</msg>
<status status="PASS" starttime="20220329 11:53:07.437" endtime="20220329 11:53:07.907"/>
</kw>
<status status="PASS" starttime="20220329 11:53:07.182" endtime="20220329 11:53:07.907"/>
</kw>
<kw name="Escolher o mes de nascimento" library="resource">
<kw name="Click Element" library="SeleniumLibrary">
<arg>id=months</arg>
<doc>Click the element identified by ``locator``.</doc>
<msg timestamp="20220329 11:53:07.914" level="INFO">Clicking element 'id=months'.</msg>
<status status="PASS" starttime="20220329 11:53:07.913" endtime="20220329 11:53:08.145"/>
</kw>
<kw name="Press Keys" library="SeleniumLibrary">
<arg>id=months</arg>
<arg>august</arg>
<doc>Simulates the user pressing key(s) to an element or on the active browser.</doc>
<msg timestamp="20220329 11:53:08.148" level="INFO">Sending key(s) ('august',) to id=months element.</msg>
<msg timestamp="20220329 11:53:08.529" level="INFO">Sending keys august</msg>
<status status="PASS" starttime="20220329 11:53:08.146" endtime="20220329 11:53:08.606"/>
</kw>
<status status="PASS" starttime="20220329 11:53:07.912" endtime="20220329 11:53:08.606"/>
</kw>
<kw name="Escolher o ano de nascimento" library="resource">
<kw name="Click Element" library="SeleniumLibrary">
<arg>id=years</arg>
<doc>Click the element identified by ``locator``.</doc>
<msg timestamp="20220329 11:53:08.612" level="INFO">Clicking element 'id=years'.</msg>
<status status="PASS" starttime="20220329 11:53:08.612" endtime="20220329 11:53:08.968"/>
</kw>
<kw name="Press Keys" library="SeleniumLibrary">
<arg>id=years</arg>
<arg>1993</arg>
<doc>Simulates the user pressing key(s) to an element or on the active browser.</doc>
<msg timestamp="20220329 11:53:08.970" level="INFO">Sending key(s) ('1993',) to id=years element.</msg>
<msg timestamp="20220329 11:53:09.458" level="INFO">Sending keys 1993</msg>
<status status="PASS" starttime="20220329 11:53:08.969" endtime="20220329 11:53:09.520"/>
</kw>
<status status="PASS" starttime="20220329 11:53:08.610" endtime="20220329 11:53:09.520"/>
</kw>
<kw name="Preencher o campo company &quot;Araújo Abreu&quot;" library="resource" sourcename="Preencher o campo company &quot;${COMPANHIA}&quot;">
<kw name="Input Text" library="SeleniumLibrary">
<arg>id=company</arg>
<arg>${COMPANHIA}</arg>
<doc>Types the given ``text`` into the text field identified by ``locator``.</doc>
<msg timestamp="20220329 11:53:09.523" level="INFO">Typing text 'Araújo Abreu' into text field 'id=company'.</msg>
<status status="PASS" starttime="20220329 11:53:09.522" endtime="20220329 11:53:09.856"/>
</kw>
<status status="PASS" starttime="20220329 11:53:09.521" endtime="20220329 11:53:09.856"/>
</kw>
<kw name="Preencher o campo address &quot;Samambaia Norte&quot;" library="resource" sourcename="Preencher o campo address &quot;${ENDERECO}&quot;">
<kw name="Input Text" library="SeleniumLibrary">
<arg>id=address1</arg>
<arg>${ENDERECO}</arg>
<doc>Types the given ``text`` into the text field identified by ``locator``.</doc>
<msg timestamp="20220329 11:53:09.864" level="INFO">Typing text 'Samambaia Norte' into text field 'id=address1'.</msg>
<status status="PASS" starttime="20220329 11:53:09.863" endtime="20220329 11:53:10.204"/>
</kw>
<status status="PASS" starttime="20220329 11:53:09.862" endtime="20220329 11:53:10.204"/>
</kw>
<kw name="Preencher o campo city &quot;Boston&quot;" library="resource" sourcename="Preencher o campo city &quot;${CIDADE}&quot;">
<kw name="Input Text" library="SeleniumLibrary">
<arg>id=city</arg>
<arg>${CIDADE}</arg>
<doc>Types the given ``text`` into the text field identified by ``locator``.</doc>
<msg timestamp="20220329 11:53:10.213" level="INFO">Typing text 'Boston' into text field 'id=city'.</msg>
<status status="PASS" starttime="20220329 11:53:10.212" endtime="20220329 11:53:10.671"/>
</kw>
<status status="PASS" starttime="20220329 11:53:10.211" endtime="20220329 11:53:10.671"/>
</kw>
<kw name="Selecionar o campo state" library="resource">
<kw name="Click Element" library="SeleniumLibrary">
<arg>id=id_state</arg>
<doc>Click the element identified by ``locator``.</doc>
<msg timestamp="20220329 11:53:10.681" level="INFO">Clicking element 'id=id_state'.</msg>
<status status="PASS" starttime="20220329 11:53:10.681" endtime="20220329 11:53:10.976"/>
</kw>
<kw name="Press Keys" library="SeleniumLibrary">
<arg>id=id_state</arg>
<arg>Massachusetts</arg>
<doc>Simulates the user pressing key(s) to an element or on the active browser.</doc>
<msg timestamp="20220329 11:53:10.978" level="INFO">Sending key(s) ('Massachusetts',) to id=id_state element.</msg>
<msg timestamp="20220329 11:53:11.398" level="INFO">Sending keys Massachusetts</msg>
<status status="PASS" starttime="20220329 11:53:10.977" endtime="20220329 11:53:11.549"/>
</kw>
<status status="PASS" starttime="20220329 11:53:10.680" endtime="20220329 11:53:11.550"/>
</kw>
<kw name="Preencher o campo zip/ postal code &quot;00000&quot;" library="resource" sourcename="Preencher o campo zip/ postal code &quot;${CEP}&quot;">
<kw name="Input Text" library="SeleniumLibrary">
<arg>id=postcode</arg>
<arg>${CEP}</arg>
<doc>Types the given ``text`` into the text field identified by ``locator``.</doc>
<msg timestamp="20220329 11:53:11.552" level="INFO">Typing text '00000' into text field 'id=postcode'.</msg>
<status status="PASS" starttime="20220329 11:53:11.552" endtime="20220329 11:53:12.222"/>
</kw>
<status status="PASS" starttime="20220329 11:53:11.551" endtime="20220329 11:53:12.223"/>
</kw>
<kw name="Selecionar o campo country" library="resource">
<kw name="Click Element" library="SeleniumLibrary">
<arg>id=id_country</arg>
<doc>Click the element identified by ``locator``.</doc>
<msg timestamp="20220329 11:53:12.275" level="INFO">Clicking element 'id=id_country'.</msg>
<status status="PASS" starttime="20220329 11:53:12.274" endtime="20220329 11:53:12.557"/>
</kw>
<kw name="Press Keys" library="SeleniumLibrary">
<arg>id=id_country</arg>
<arg>United States</arg>
<doc>Simulates the user pressing key(s) to an element or on the active browser.</doc>
<msg timestamp="20220329 11:53:12.559" level="INFO">Sending key(s) ('United States',) to id=id_country element.</msg>
<msg timestamp="20220329 11:53:12.974" level="INFO">Sending keys United States</msg>
<status status="PASS" starttime="20220329 11:53:12.558" endtime="20220329 11:53:13.113"/>
</kw>
<status status="PASS" starttime="20220329 11:53:12.272" endtime="20220329 11:53:13.113"/>
</kw>
<kw name="Preencher o campo adicional &quot;facebook.com/Miguel&quot;" library="resource" sourcename="Preencher o campo adicional &quot;${OUTRO}&quot;">
<kw name="Input Text" library="SeleniumLibrary">
<arg>id=other</arg>
<arg>${OUTRO}</arg>
<doc>Types the given ``text`` into the text field identified by ``locator``.</doc>
<msg timestamp="20220329 11:53:13.118" level="INFO">Typing text 'facebook.com/Miguel' into text field 'id=other'.</msg>
<status status="PASS" starttime="20220329 11:53:13.117" endtime="20220329 11:53:13.488"/>
</kw>
<status status="PASS" starttime="20220329 11:53:13.116" endtime="20220329 11:53:13.489"/>
</kw>
<kw name="Preencher o campo Home Phone &quot;6133572148&quot;" library="resource" sourcename="Preencher o campo Home Phone &quot;${RESIDENCIAL}&quot;">
<kw name="Input Text" library="SeleniumLibrary">
<arg>id=phone</arg>
<arg>${RESIDENCIAL}</arg>
<doc>Types the given ``text`` into the text field identified by ``locator``.</doc>
<msg timestamp="20220329 11:53:13.498" level="INFO">Typing text '6133572148' into text field 'id=phone'.</msg>
<status status="PASS" starttime="20220329 11:53:13.497" endtime="20220329 11:53:13.866"/>
</kw>
<status status="PASS" starttime="20220329 11:53:13.496" endtime="20220329 11:53:13.867"/>
</kw>
<kw name="Preencher o campo mobile Phone &quot;61993929749&quot;" library="resource" sourcename="Preencher o campo mobile Phone &quot;${CELULAR}&quot;">
<kw name="Input Text" library="SeleniumLibrary">
<arg>id=phone_mobile</arg>
<arg>${CELULAR}</arg>
<doc>Types the given ``text`` into the text field identified by ``locator``.</doc>
<msg timestamp="20220329 11:53:13.870" level="INFO">Typing text '61993929749' into text field 'id=phone_mobile'.</msg>
<status status="PASS" starttime="20220329 11:53:13.869" endtime="20220329 11:53:14.200"/>
</kw>
<status status="PASS" starttime="20220329 11:53:13.868" endtime="20220329 11:53:14.201"/>
</kw>
<kw name="Preencher o campo Assign an address alias for future reference &quot;Supermercado Superbom&quot;" library="resource" sourcename="Preencher o campo Assign an address alias for future reference &quot;${REFERENCIA}&quot;">
<kw name="Input Text" library="SeleniumLibrary">
<arg>id=alias</arg>
<arg>${REFERENCIA}</arg>
<doc>Types the given ``text`` into the text field identified by ``locator``.</doc>
<msg timestamp="20220329 11:53:14.203" level="INFO">Typing text 'Supermercado Superbom' into text field 'id=alias'.</msg>
<status status="PASS" starttime="20220329 11:53:14.203" endtime="20220329 11:53:14.605"/>
</kw>
<status status="PASS" starttime="20220329 11:53:14.202" endtime="20220329 11:53:14.606"/>
</kw>
<kw name="Clicar no botão registrar" library="resource">
<kw name="Click Button" library="SeleniumLibrary">
<arg>id=submitAccount</arg>
<doc>Clicks the button identified by ``locator``.</doc>
<msg timestamp="20220329 11:53:14.614" level="INFO">Clicking button 'id=submitAccount'.</msg>
<status status="PASS" starttime="20220329 11:53:14.613" endtime="20220329 11:53:23.136"/>
</kw>
<status status="PASS" starttime="20220329 11:53:14.612" endtime="20220329 11:53:23.137"/>
</kw>
<kw name="Verificar se estou cadastrado" library="resource">
<kw name="Wait Until Element Is Visible" library="SeleniumLibrary">
<arg>xpath=//*[@id="center_column"]/p</arg>
<doc>Waits until the element ``locator`` is visible.</doc>
<status status="PASS" starttime="20220329 11:53:23.139" endtime="20220329 11:53:23.336"/>
</kw>
<status status="PASS" starttime="20220329 11:53:23.138" endtime="20220329 11:53:23.336"/>
</kw>
<status status="PASS" starttime="20220329 11:52:28.046" endtime="20220329 11:53:23.336"/>
</test>
<test id="s1-t2" name="Caso de Teste 02: Selecionar um vestido para compra">
<kw name="Inserir &quot;dresses&quot; no campo search" library="resource" sourcename="Inserir &quot;${PESQUISAR}&quot; no campo search">
<kw name="Input Text" library="SeleniumLibrary">
<arg>id=search_query_top</arg>
<doc>Types the given ``text`` into the text field identified by ``locator``.</doc>
<msg timestamp="20220329 11:53:23.415" level="FAIL">Keyword 'SeleniumLibrary.Input Text' expected 2 to 3 arguments, got 1.</msg>
<status status="FAIL" starttime="20220329 11:53:23.415" endtime="20220329 11:53:23.415"/>
</kw>
<kw name="Press Keys" library="SeleniumLibrary">
<arg>id=search_query_top</arg>
<arg>Enter</arg>
<doc>Simulates the user pressing key(s) to an element or on the active browser.</doc>
<status status="NOT RUN" starttime="20220329 11:53:23.416" endtime="20220329 11:53:23.416"/>
</kw>
<status status="FAIL" starttime="20220329 11:53:23.413" endtime="20220329 11:53:23.417"/>
</kw>
<status status="FAIL" starttime="20220329 11:53:23.399" endtime="20220329 11:53:23.419">Keyword 'SeleniumLibrary.Input Text' expected 2 to 3 arguments, got 1.</status>
</test>
<doc>Suíte Exemplo mentoria-vemprati</doc>
<status status="FAIL" starttime="20220329 11:52:27.302" endtime="20220329 11:53:23.423"/>
</suite>
<statistics>
<total>
<stat pass="1" fail="1" skip="0">All Tests</stat>
</total>
<tag>
</tag>
<suite>
<stat pass="1" fail="1" skip="0" id="s1" name="Minha Suite">Minha Suite</stat>
</suite>
</statistics>
<errors>
</errors>
</robot>
