<?xml version="1.0" encoding="UTF-8"?>
<robot generator="Robot 4.1.3 (Python 3.10.2 on win32)" generated="20220323 09:56:44.846" rpa="false" schemaversion="2">
<suite id="s1" name="Minha Suite" source="C:\Users\Leticia\Desktop\QAgil\Mentoria-VemPraTI\mentoria\web\t-shirts\minha_suite.robot">
<test id="s1-t1" name="Caso de Teste 01: Pesquisar um produto no site">
<kw name="Acessar a página home do site da loja" library="commons">
<kw name="Open Browser" library="SeleniumLibrary">
<arg>url=${URL}</arg>
<arg>browser=${BROWSER}</arg>
<doc>Opens a new browser instance to the optional ``url``.</doc>
<msg timestamp="20220323 09:56:45.243" level="INFO">Opening browser 'chrome' to base url 'http://automationpractice.com/index.php'.</msg>
<status status="PASS" starttime="20220323 09:56:45.242" endtime="20220323 09:56:50.131"/>
</kw>
<status status="PASS" starttime="20220323 09:56:45.241" endtime="20220323 09:56:50.132"/>
</kw>
<kw name="Digitar o produto &quot;blouse&quot; no campo de pesquisa" library="commons" sourcename="Digitar o produto &quot;${PRODUTO}&quot; no campo de pesquisa">
<kw name="Input Text" library="SeleniumLibrary">
<arg>id=search_query_top</arg>
<arg>${PRODUTO}</arg>
<doc>Types the given ``text`` into the text field identified by ``locator``.</doc>
<msg timestamp="20220323 09:56:50.137" level="INFO">Typing text 'blouse' into text field 'id=search_query_top'.</msg>
<msg timestamp="20220323 09:56:50.378" level="INFO" html="true">&lt;/td&gt;&lt;/tr&gt;&lt;tr&gt;&lt;td colspan="3"&gt;&lt;a href="selenium-screenshot-5.png"&gt;&lt;img src="selenium-screenshot-5.png" width="800px"&gt;&lt;/a&gt;</msg>
<msg timestamp="20220323 09:56:50.463" level="FAIL">Element with locator 'id=search_query_top' not found.</msg>
<status status="FAIL" starttime="20220323 09:56:50.135" endtime="20220323 09:56:50.463"/>
</kw>
<status status="FAIL" starttime="20220323 09:56:50.134" endtime="20220323 09:56:50.464"/>
</kw>
<kw name="Clica no botão Pesquisar" library="commons">
<status status="NOT RUN" starttime="20220323 09:56:50.465" endtime="20220323 09:56:50.465"/>
</kw>
<kw name="Conferir se o produto &quot;blouse&quot; foi exibido corretamente" library="commons">
<status status="NOT RUN" starttime="20220323 09:56:50.466" endtime="20220323 09:56:50.466"/>
</kw>
<kw name="Clicar na blouse escolhida" library="commons">
<status status="NOT RUN" starttime="20220323 09:56:50.467" endtime="20220323 09:56:50.467"/>
</kw>
<kw name="Desça a tela" library="commons">
<status status="NOT RUN" starttime="20220323 09:56:50.467" endtime="20220323 09:56:50.467"/>
</kw>
<kw name="Colocar no carrinho" library="commons">
<status status="NOT RUN" starttime="20220323 09:56:50.468" endtime="20220323 09:56:50.468"/>
</kw>
<kw name="Clicar em Proceed to checkout" library="commons">
<status status="NOT RUN" starttime="20220323 09:56:50.469" endtime="20220323 09:56:50.469"/>
</kw>
<status status="FAIL" starttime="20220323 09:56:45.240" endtime="20220323 09:56:50.470">Element with locator 'id=search_query_top' not found.</status>
</test>
<doc>Suíte Exemplo mentoria-vemprati</doc>
<status status="FAIL" starttime="20220323 09:56:44.848" endtime="20220323 09:56:50.473"/>
</suite>
<statistics>
<total>
<stat pass="0" fail="1" skip="0">All Tests</stat>
</total>
<tag>
</tag>
<suite>
<stat pass="0" fail="1" skip="0" id="s1" name="Minha Suite">Minha Suite</stat>
</suite>
</statistics>
<errors>
</errors>
</robot>
